2025-04-24 06:04:15,564 - root - INFO - Logging configured.
2025-04-24 06:04:36,784 - root - INFO - Logging configured.
2025-04-24 06:04:52,454 - root - INFO - Logging configured.
2025-04-24 06:06:12,816 - root - INFO - Logging configured.
2025-04-24 06:06:12,839 - __main__ - INFO - Analysis complete. Score: 60.00%, Confidence: 0.85
2025-04-24 06:11:02,461 - root - INFO - Logging configured.
2025-04-24 06:11:13,492 - root - INFO - Logging configured.
2025-04-24 06:11:15,459 - root - INFO - Logging configured.
2025-04-24 06:14:12,366 - root - INFO - Logging configured.
2025-04-24 06:14:16,076 - root - INFO - Logging configured.
2025-04-24 06:14:16,088 - __main__ - ERROR - An error occurred during analysis: name 'text_score' is not defined
Traceback (most recent call last):
  File "D:\depression_detection\gui\app.py", line 99, in <module>
    selected_scores = [score for score, mode in zip([text_score, audio_score, video_score], ["Text", "Audio", "Video"]) if mode in selected_modes]
                                                     ^^^^^^^^^^
NameError: name 'text_score' is not defined
2025-04-24 06:15:32,542 - root - INFO - Logging configured.
2025-04-24 06:15:38,205 - root - INFO - Logging configured.
2025-04-24 06:15:39,359 - root - INFO - Logging configured.
2025-04-24 06:15:47,625 - root - INFO - Logging configured.
2025-04-24 06:15:49,374 - root - INFO - Logging configured.
2025-04-24 06:15:49,388 - __main__ - ERROR - An error occurred during analysis: name 'text_score' is not defined
Traceback (most recent call last):
  File "D:\depression_detection\gui\app.py", line 99, in <module>
    selected_scores = [score for score, mode in zip([text_score, audio_score, video_score], ["Text", "Audio", "Video"]) if mode in selected_modes]
                                                     ^^^^^^^^^^
NameError: name 'text_score' is not defined
2025-04-24 06:16:20,843 - root - INFO - Logging configured.
2025-04-24 06:16:24,455 - root - INFO - Logging configured.
2025-04-24 06:16:26,038 - root - INFO - Logging configured.
2025-04-24 06:16:30,599 - root - INFO - Logging configured.
2025-04-24 06:16:31,236 - root - INFO - Logging configured.
2025-04-24 06:16:31,247 - __main__ - ERROR - An error occurred during analysis: name 'text_score' is not defined
Traceback (most recent call last):
  File "D:\depression_detection\gui\app.py", line 99, in <module>
    selected_scores = [score for score, mode in zip([text_score, audio_score, video_score], ["Text", "Audio", "Video"]) if mode in selected_modes]
                                                     ^^^^^^^^^^
NameError: name 'text_score' is not defined
2025-04-24 06:17:47,321 - root - INFO - Logging configured.
2025-04-24 06:17:51,444 - root - INFO - Logging configured.
2025-04-24 06:17:52,796 - root - INFO - Logging configured.
2025-04-24 06:17:58,661 - root - INFO - Logging configured.
2025-04-24 06:17:59,756 - root - INFO - Logging configured.
2025-04-24 06:22:41,103 - root - INFO - Logging configured.
2025-04-24 06:23:16,592 - root - INFO - Logging configured.
2025-04-24 06:23:16,680 - root - INFO - Logging configured.
2025-04-24 06:23:58,423 - root - INFO - Logging configured.
2025-04-24 06:24:02,578 - root - INFO - Logging configured.
2025-04-24 06:24:04,114 - root - INFO - Logging configured.
2025-04-24 06:24:37,198 - root - INFO - Logging configured.
2025-04-24 06:33:49,836 - root - INFO - Logging configured.
2025-04-24 06:33:54,845 - root - INFO - Logging configured.
2025-04-24 06:33:56,905 - root - INFO - Logging configured.
2025-04-24 06:35:09,352 - root - INFO - Logging configured.
2025-04-24 06:35:10,118 - root - INFO - Logging configured.
2025-04-24 06:35:10,608 - root - INFO - Logging configured.
2025-04-24 06:35:14,799 - root - INFO - Logging configured.
2025-04-24 06:35:15,980 - root - INFO - Logging configured.
2025-04-24 06:35:30,950 - root - INFO - Logging configured.
2025-04-24 06:35:31,648 - root - INFO - Logging configured.
2025-04-24 06:35:33,877 - root - INFO - Logging configured.
2025-04-24 06:46:51,555 - root - INFO - Logging configured.
2025-04-24 06:46:58,108 - root - INFO - Logging configured.
2025-04-24 06:46:58,198 - root - INFO - Logging configured.
2025-04-24 06:47:09,831 - root - INFO - Logging configured.
2025-04-24 06:47:10,586 - root - INFO - Logging configured.
2025-04-24 06:47:13,888 - root - INFO - Logging configured.
2025-04-24 06:48:22,552 - root - INFO - Logging configured.
2025-04-24 06:48:26,290 - root - INFO - Logging configured.
2025-04-24 06:48:27,458 - root - INFO - Logging configured.
2025-04-24 06:48:32,672 - root - INFO - Logging configured.
2025-04-24 06:48:32,773 - root - INFO - Logging configured.
2025-04-24 06:51:32,801 - root - INFO - Logging configured.
2025-04-24 06:51:54,844 - root - INFO - Logging configured.
2025-04-24 06:51:58,896 - root - INFO - Logging configured.
2025-04-24 06:52:00,495 - root - INFO - Logging configured.
2025-04-24 06:52:01,940 - root - INFO - Logging configured.
2025-04-24 06:52:03,704 - root - INFO - Logging configured.
2025-04-24 06:52:05,336 - root - INFO - Logging configured.
2025-04-24 06:52:06,834 - root - INFO - Logging configured.
2025-04-24 06:52:08,351 - root - INFO - Logging configured.
2025-04-24 06:52:09,829 - root - INFO - Logging configured.
2025-04-24 06:52:11,360 - root - INFO - Logging configured.
2025-04-24 06:52:12,914 - root - INFO - Logging configured.
2025-04-24 06:52:14,908 - root - INFO - Logging configured.
2025-04-24 06:52:18,307 - root - INFO - Logging configured.
2025-04-24 06:52:41,768 - root - INFO - Logging configured.
2025-04-24 06:52:44,372 - root - INFO - Logging configured.
2025-04-24 06:52:45,415 - root - INFO - Logging configured.
2025-04-24 07:00:53,624 - root - INFO - Logging configured.
2025-04-24 07:01:00,909 - root - INFO - Logging configured.
2025-04-24 07:01:14,421 - root - INFO - Logging configured.
2025-04-24 07:01:28,778 - root - INFO - Logging configured.
2025-04-24 07:05:46,599 - root - INFO - Logging configured.
2025-04-24 07:05:47,976 - root - INFO - Logging configured.
2025-04-24 07:05:50,163 - root - INFO - Logging configured.
2025-04-24 07:08:12,193 - root - INFO - Logging configured.
2025-04-24 07:08:14,167 - root - INFO - Logging configured.
2025-04-24 07:08:53,310 - root - INFO - Logging configured.
2025-04-24 07:08:55,076 - root - INFO - Logging configured.
2025-04-24 07:09:12,035 - root - INFO - Logging configured.
2025-04-24 07:09:20,658 - root - INFO - Logging configured.
2025-04-24 07:09:30,247 - root - INFO - Logging configured.
2025-04-24 07:09:37,302 - root - INFO - Logging configured.
2025-04-24 07:09:44,240 - root - INFO - Logging configured.
2025-04-24 07:09:45,289 - root - INFO - Logging configured.
2025-04-24 07:29:13,136 - root - INFO - Logging configured.
2025-04-24 07:31:03,930 - root - INFO - Logging configured.
2025-04-24 07:31:20,295 - root - INFO - Logging configured.
2025-04-24 07:31:26,819 - root - INFO - Logging configured.
2025-04-24 07:31:34,195 - root - INFO - Logging configured.
2025-04-24 07:31:44,979 - root - INFO - Logging configured.
2025-04-24 07:31:51,778 - root - INFO - Logging configured.
2025-04-24 07:31:52,631 - root - INFO - Logging configured.
2025-04-24 07:32:09,658 - root - INFO - Logging configured.
2025-04-24 07:32:14,046 - root - INFO - Logging configured.
2025-04-24 07:32:16,391 - root - INFO - Logging configured.
2025-04-24 07:32:20,735 - root - INFO - Logging configured.
2025-04-24 07:32:23,008 - root - INFO - Logging configured.
2025-04-24 07:32:25,331 - root - INFO - Logging configured.
2025-04-24 07:32:27,980 - root - INFO - Logging configured.
2025-04-24 07:32:30,887 - root - INFO - Logging configured.
2025-04-24 07:32:34,094 - root - INFO - Logging configured.
2025-04-24 07:32:36,461 - root - INFO - Logging configured.
2025-04-24 07:32:39,346 - root - INFO - Logging configured.
2025-04-24 07:32:41,553 - root - INFO - Logging configured.
2025-04-24 07:32:45,535 - root - INFO - Logging configured.
2025-04-24 07:32:47,814 - root - INFO - Logging configured.
2025-04-24 07:32:50,211 - root - INFO - Logging configured.
2025-04-24 07:32:52,215 - root - INFO - Logging configured.
2025-04-24 07:32:53,272 - root - INFO - Logging configured.
2025-04-24 07:33:05,982 - root - INFO - Logging configured.
2025-04-24 07:33:13,050 - root - INFO - Logging configured.
2025-04-24 07:33:14,369 - root - INFO - Logging configured.
2025-04-24 07:33:17,782 - root - INFO - Logging configured.
2025-04-24 07:33:20,787 - root - INFO - Logging configured.
2025-04-24 07:33:23,041 - root - INFO - Logging configured.
2025-04-24 07:33:25,114 - root - INFO - Logging configured.
2025-04-24 07:33:27,690 - root - INFO - Logging configured.
2025-04-24 07:33:29,393 - root - INFO - Logging configured.
2025-04-24 07:33:31,475 - root - INFO - Logging configured.
2025-04-24 07:33:34,763 - root - INFO - Logging configured.
2025-04-24 07:33:37,029 - root - INFO - Logging configured.
2025-04-24 07:33:39,361 - root - INFO - Logging configured.
2025-04-24 07:33:41,174 - root - INFO - Logging configured.
2025-04-24 07:33:43,019 - root - INFO - Logging configured.
2025-04-24 07:33:46,322 - root - INFO - Logging configured.
2025-04-24 07:33:47,817 - root - INFO - Logging configured.
2025-04-24 11:33:20,324 - root - INFO - Logging configured.
2025-04-24 11:33:26,436 - root - INFO - Logging configured.
2025-04-24 11:33:27,421 - root - INFO - Logging configured.
2025-04-24 11:33:30,903 - root - INFO - Logging configured.
2025-04-24 11:33:44,522 - root - INFO - Logging configured.
2025-04-24 11:33:49,330 - root - INFO - Logging configured.
2025-04-24 11:33:52,635 - root - INFO - Logging configured.
2025-04-24 11:33:55,173 - root - INFO - Logging configured.
2025-04-24 11:33:57,282 - root - INFO - Logging configured.
2025-04-24 11:33:59,404 - root - INFO - Logging configured.
2025-04-24 11:34:01,486 - root - INFO - Logging configured.
2025-04-24 11:34:03,740 - root - INFO - Logging configured.
2025-04-24 11:34:05,537 - root - INFO - Logging configured.
2025-04-24 11:34:07,997 - root - INFO - Logging configured.
2025-04-24 11:34:11,211 - root - INFO - Logging configured.
2025-04-24 11:34:28,347 - root - INFO - Logging configured.
2025-04-24 11:34:29,860 - root - INFO - Logging configured.
2025-04-24 11:34:31,696 - root - INFO - Logging configured.
2025-04-24 11:34:33,547 - root - INFO - Logging configured.
2025-04-24 11:34:35,276 - root - INFO - Logging configured.
2025-04-24 11:34:36,571 - root - INFO - Logging configured.
2025-04-24 11:34:39,807 - root - INFO - Logging configured.
2025-04-24 11:34:46,444 - root - INFO - Logging configured.
2025-04-24 11:34:50,103 - root - INFO - Logging configured.
2025-04-24 11:39:35,414 - root - INFO - Logging configured.
2025-04-24 11:39:41,633 - root - INFO - Logging configured.
2025-04-24 11:41:40,282 - root - INFO - Logging configured.
2025-04-24 11:43:29,717 - root - INFO - Logging configured.
2025-04-24 11:43:37,701 - root - INFO - Logging configured.
2025-04-24 11:43:38,848 - root - INFO - Logging configured.
2025-04-24 11:43:40,004 - root - INFO - Logging configured.
2025-04-24 11:46:35,781 - root - INFO - Logging configured.
2025-04-24 11:46:41,391 - root - INFO - Logging configured.
2025-04-24 11:46:44,971 - root - INFO - Logging configured.
2025-04-24 11:46:46,021 - root - INFO - Logging configured.
2025-04-24 11:46:46,712 - root - INFO - Logging configured.
2025-04-24 11:48:14,709 - root - INFO - Logging configured.
2025-04-24 11:48:16,172 - root - INFO - Logging configured.
2025-04-24 11:48:20,419 - root - INFO - Logging configured.
2025-04-24 11:48:21,855 - root - INFO - Logging configured.
2025-04-24 11:50:42,826 - root - INFO - Logging configured.
2025-04-24 11:50:44,432 - root - INFO - Logging configured.
2025-04-24 11:50:44,432 - __main__ - ERROR - Error during analysis: name 'audio_responses' is not defined
Traceback (most recent call last):
  File "D:\depression_detection\gui\app.py", line 118, in <module>
    if not any(audio_responses):
NameError: name 'audio_responses' is not defined
2025-04-24 11:50:46,160 - root - INFO - Logging configured.
2025-04-24 11:50:46,168 - __main__ - ERROR - Error during analysis: name 'video_file' is not defined
Traceback (most recent call last):
  File "D:\depression_detection\gui\app.py", line 126, in <module>
    if not video_file:
NameError: name 'video_file' is not defined
2025-04-24 11:50:48,902 - root - INFO - Logging configured.
2025-04-24 11:50:48,906 - __main__ - ERROR - Error during analysis: name 'audio_responses' is not defined
Traceback (most recent call last):
  File "D:\depression_detection\gui\app.py", line 118, in <module>
    if not any(audio_responses):
NameError: name 'audio_responses' is not defined
2025-04-24 11:51:44,406 - root - INFO - Logging configured.
2025-04-24 11:51:53,037 - root - INFO - Logging configured.
2025-04-24 11:51:54,456 - root - INFO - Logging configured.
2025-04-24 11:51:58,455 - root - INFO - Logging configured.
2025-04-24 11:53:18,304 - root - INFO - Logging configured.
2025-04-24 11:53:37,703 - root - INFO - Logging configured.
2025-04-24 11:53:43,285 - root - INFO - Logging configured.
2025-04-24 11:55:11,848 - root - INFO - Logging configured.
2025-04-24 11:56:12,126 - root - INFO - Logging configured.
2025-04-24 11:56:22,318 - root - INFO - Logging configured.
2025-04-24 11:58:43,063 - root - INFO - Logging configured.
2025-04-24 11:59:40,459 - root - INFO - Logging configured.
2025-04-24 11:59:44,532 - root - INFO - Logging configured.
2025-04-24 11:59:47,706 - root - INFO - Logging configured.
2025-04-24 11:59:52,069 - root - INFO - Logging configured.
2025-04-24 12:00:04,114 - root - INFO - Logging configured.
2025-04-24 12:00:05,507 - root - INFO - Logging configured.
2025-04-24 12:00:07,347 - root - INFO - Logging configured.
2025-04-24 12:00:08,912 - root - INFO - Logging configured.
2025-04-24 12:00:10,413 - root - INFO - Logging configured.
2025-04-24 12:00:11,127 - root - INFO - Logging configured.
2025-04-24 12:03:26,797 - root - INFO - Logging configured.
2025-04-24 12:03:29,666 - root - INFO - Logging configured.
2025-04-24 12:03:31,598 - root - INFO - Logging configured.
2025-04-24 12:03:33,417 - root - INFO - Logging configured.
2025-04-24 12:03:36,459 - root - INFO - Logging configured.
2025-04-24 12:03:46,956 - root - INFO - Logging configured.
2025-04-24 12:03:48,156 - root - INFO - Logging configured.
2025-04-24 12:03:49,781 - root - INFO - Logging configured.
2025-04-24 12:03:51,549 - root - INFO - Logging configured.
2025-04-24 12:03:52,913 - root - INFO - Logging configured.
2025-04-24 12:04:09,198 - root - INFO - Logging configured.
2025-04-24 12:04:11,803 - root - INFO - Logging configured.
2025-04-24 12:04:21,839 - root - INFO - Logging configured.
2025-04-24 12:04:23,765 - root - INFO - Logging configured.
2025-04-24 12:04:25,543 - root - INFO - Logging configured.
2025-04-24 12:04:27,131 - root - INFO - Logging configured.
2025-04-24 12:04:29,655 - root - INFO - Logging configured.
2025-04-24 12:04:30,805 - root - INFO - Logging configured.
2025-04-24 12:07:45,659 - root - INFO - Logging configured.
2025-04-24 12:07:47,664 - root - INFO - Logging configured.
2025-04-24 12:07:57,276 - root - INFO - Logging configured.
2025-04-24 12:07:58,116 - root - INFO - Logging configured.
2025-04-24 12:07:59,129 - root - INFO - Logging configured.
2025-04-24 12:08:00,590 - root - INFO - Logging configured.
2025-04-24 12:08:01,821 - root - INFO - Logging configured.
2025-04-24 12:08:02,909 - root - INFO - Logging configured.
2025-04-24 12:08:19,585 - root - INFO - Logging configured.
2025-04-24 12:09:22,769 - root - INFO - Logging configured.
2025-04-24 12:09:56,481 - root - INFO - Logging configured.
2025-04-24 12:09:56,680 - root - INFO - Logging configured.
2025-04-24 12:10:04,225 - root - INFO - Logging configured.
2025-04-24 12:10:23,762 - root - INFO - Logging configured.
2025-04-24 12:10:23,994 - root - INFO - Logging configured.
2025-04-24 12:10:33,599 - root - INFO - Logging configured.
2025-04-24 12:10:33,805 - root - INFO - Logging configured.
2025-04-24 12:10:43,361 - root - INFO - Logging configured.
2025-04-24 12:10:43,590 - root - INFO - Logging configured.
2025-04-24 12:10:52,000 - root - INFO - Logging configured.
2025-04-24 12:10:52,232 - root - INFO - Logging configured.
2025-04-24 12:11:01,351 - root - INFO - Logging configured.
2025-04-24 12:11:01,572 - root - INFO - Logging configured.
2025-04-24 12:11:07,638 - root - INFO - Logging configured.
2025-04-24 12:11:07,849 - root - INFO - Logging configured.
2025-04-24 12:11:15,348 - root - INFO - Logging configured.
2025-04-24 12:11:15,563 - root - INFO - Logging configured.
2025-04-24 12:11:22,716 - root - INFO - Logging configured.
2025-04-24 12:11:22,935 - root - INFO - Logging configured.
2025-04-24 12:11:43,024 - root - INFO - Logging configured.
2025-04-24 12:11:43,231 - root - INFO - Logging configured.
2025-04-24 12:11:55,406 - root - INFO - Logging configured.
2025-04-24 12:12:03,895 - root - INFO - Logging configured.
2025-04-24 12:12:04,111 - root - INFO - Logging configured.
2025-04-24 12:12:08,770 - root - INFO - Logging configured.
2025-04-24 12:12:14,515 - root - INFO - Logging configured.
2025-04-24 12:12:14,719 - root - INFO - Logging configured.
2025-04-24 12:12:19,066 - root - INFO - Logging configured.
2025-04-24 12:12:24,874 - root - INFO - Logging configured.
2025-04-24 12:12:25,093 - root - INFO - Logging configured.
2025-04-24 12:13:16,883 - root - INFO - Logging configured.
2025-04-24 12:13:33,797 - root - INFO - Logging configured.
2025-04-24 12:13:53,606 - root - INFO - Logging configured.
2025-04-24 12:14:20,102 - root - INFO - Logging configured.
2025-04-24 12:14:25,081 - root - INFO - Logging configured.
2025-04-24 12:14:36,817 - root - INFO - Logging configured.
2025-04-24 12:14:50,889 - root - INFO - Logging configured.
2025-04-24 12:14:52,339 - root - INFO - Logging configured.
2025-04-24 12:15:03,240 - root - INFO - Logging configured.
2025-04-24 12:15:11,634 - root - INFO - Logging configured.
2025-04-24 12:57:03,645 - root - INFO - Logging configured.
2025-04-24 12:57:23,502 - root - INFO - Logging configured.
2025-04-24 12:57:29,090 - root - INFO - Logging configured.
2025-04-24 12:57:45,576 - root - INFO - Logging configured.
2025-04-24 12:57:47,383 - root - INFO - Logging configured.
2025-04-24 12:57:53,558 - root - INFO - Logging configured.
2025-04-24 12:57:59,553 - root - INFO - Logging configured.
2025-04-24 12:58:04,844 - root - INFO - Logging configured.
2025-04-24 12:58:05,972 - root - INFO - Logging configured.
2025-04-24 12:58:18,764 - root - INFO - Logging configured.
2025-04-24 12:58:22,031 - root - INFO - Logging configured.
2025-04-24 12:58:27,034 - root - INFO - Logging configured.
2025-04-24 12:58:28,043 - root - INFO - Logging configured.
2025-04-24 12:58:34,987 - root - INFO - Logging configured.
2025-04-24 12:58:36,352 - root - INFO - Logging configured.
2025-04-24 12:58:43,537 - root - INFO - Logging configured.
2025-04-24 12:58:46,398 - root - INFO - Logging configured.
2025-04-24 12:58:52,615 - root - INFO - Logging configured.
2025-04-24 12:58:54,474 - root - INFO - Logging configured.
2025-04-24 12:58:59,491 - root - INFO - Logging configured.
2025-04-24 12:59:01,135 - root - INFO - Logging configured.
2025-04-24 13:26:00,323 - root - INFO - Logging configured.
2025-04-24 14:52:14,171 - root - INFO - Logging configured.
2025-04-24 14:52:30,125 - root - INFO - Logging configured.
2025-04-24 14:52:32,084 - root - INFO - Logging configured.
2025-04-24 14:52:36,010 - root - INFO - Logging configured.
2025-04-24 14:52:39,108 - root - INFO - Logging configured.
2025-04-24 14:52:56,873 - root - INFO - Logging configured.
2025-04-24 14:53:03,724 - root - INFO - Logging configured.
2025-04-24 15:14:22,289 - root - INFO - Logging configured.
2025-04-24 15:16:55,393 - root - INFO - Logging configured.
2025-04-24 15:17:33,926 - root - INFO - Logging configured.
2025-04-24 15:24:11,498 - root - INFO - Logging configured.
2025-04-24 15:30:34,489 - root - INFO - Logging configured.
2025-04-24 15:30:34,763 - root - INFO - Logging configured.
2025-04-24 15:30:58,975 - root - INFO - Logging configured.
2025-04-24 15:31:14,581 - root - INFO - Logging configured.
2025-04-24 15:31:15,775 - root - INFO - Logging configured.
2025-04-24 15:31:25,849 - root - INFO - Logging configured.
2025-04-24 15:31:27,239 - root - INFO - Logging configured.
2025-04-24 15:31:34,358 - root - INFO - Logging configured.
2025-04-24 15:31:34,480 - root - INFO - Logging configured.
2025-04-24 15:31:41,675 - root - INFO - Logging configured.
2025-04-24 15:31:41,822 - root - INFO - Logging configured.
2025-04-24 15:31:51,030 - root - INFO - Logging configured.
2025-04-24 15:31:51,199 - root - INFO - Logging configured.
2025-04-24 15:31:57,682 - root - INFO - Logging configured.
2025-04-24 15:31:57,806 - root - INFO - Logging configured.
2025-04-24 15:32:02,963 - root - INFO - Logging configured.
2025-04-24 15:32:03,142 - root - INFO - Logging configured.
2025-04-24 15:32:10,002 - root - INFO - Logging configured.
2025-04-24 15:32:10,121 - root - INFO - Logging configured.
2025-04-24 15:32:17,834 - root - INFO - Logging configured.
2025-04-24 15:32:17,948 - root - INFO - Logging configured.
2025-04-24 15:32:23,354 - root - INFO - Logging configured.
2025-04-24 15:32:23,452 - root - INFO - Logging configured.
2025-04-24 15:32:29,179 - root - INFO - Logging configured.
2025-04-24 15:32:29,359 - root - INFO - Logging configured.
2025-04-24 15:32:34,051 - root - INFO - Logging configured.
2025-04-24 15:32:34,162 - root - INFO - Logging configured.
2025-04-24 15:32:40,368 - root - INFO - Logging configured.
2025-04-24 15:32:55,985 - root - INFO - Logging configured.
2025-04-24 15:32:56,171 - root - INFO - Logging configured.
2025-04-28 12:10:48,094 - root - INFO - Logging configured.
2025-04-28 12:22:54,550 - root - INFO - Logging configured.
2025-04-28 12:23:38,280 - root - INFO - Logging configured.
2025-04-28 12:24:47,580 - root - INFO - Logging configured.
2025-04-28 12:24:54,716 - root - INFO - Logging configured.
2025-04-28 12:24:54,879 - root - INFO - Logging configured.
2025-04-28 12:25:14,881 - root - INFO - Logging configured.
2025-04-28 12:25:15,124 - root - INFO - Logging configured.
2025-04-28 12:25:18,831 - root - INFO - Logging configured.
2025-04-28 12:25:19,184 - root - INFO - Logging configured.
2025-04-28 12:25:22,660 - root - INFO - Logging configured.
2025-04-28 12:25:27,560 - root - INFO - Logging configured.
2025-04-28 12:25:28,218 - root - INFO - Logging configured.
2025-04-28 12:25:32,673 - root - INFO - Logging configured.
2025-04-28 12:25:32,905 - root - INFO - Logging configured.
2025-04-28 12:25:34,724 - root - INFO - Logging configured.
2025-04-28 12:25:39,581 - root - INFO - Logging configured.
2025-04-28 12:25:39,799 - root - INFO - Logging configured.
2025-04-28 12:25:44,859 - root - INFO - Logging configured.
2025-04-28 12:25:45,074 - root - INFO - Logging configured.
2025-04-28 12:25:48,697 - root - INFO - Logging configured.
2025-04-28 12:25:48,913 - root - INFO - Logging configured.
2025-04-28 12:25:53,332 - root - INFO - Logging configured.
2025-04-28 12:25:53,547 - root - INFO - Logging configured.
2025-04-28 12:25:57,210 - root - INFO - Logging configured.
2025-04-28 12:25:57,426 - root - INFO - Logging configured.
2025-04-28 12:26:01,579 - root - INFO - Logging configured.
2025-04-28 12:26:01,801 - root - INFO - Logging configured.
2025-04-28 12:26:06,519 - root - INFO - Logging configured.
2025-04-28 12:26:06,734 - root - INFO - Logging configured.
2025-04-28 12:26:10,663 - root - INFO - Logging configured.
2025-04-28 12:26:14,110 - root - INFO - Logging configured.
2025-04-28 12:26:14,333 - root - INFO - Logging configured.
2025-04-28 12:26:16,209 - root - INFO - Logging configured.
2025-04-28 12:26:19,668 - root - INFO - Logging configured.
2025-04-28 12:26:19,892 - root - INFO - Logging configured.
2025-04-28 12:26:24,997 - root - INFO - Logging configured.
2025-04-28 12:26:25,214 - root - INFO - Logging configured.
2025-04-28 12:26:29,147 - root - INFO - Logging configured.
2025-04-28 12:26:29,364 - root - INFO - Logging configured.
2025-04-28 12:26:33,808 - root - INFO - Logging configured.
2025-04-28 12:26:38,237 - root - INFO - Logging configured.
2025-04-28 12:26:38,461 - root - INFO - Logging configured.
